<?xml version="1.0" encoding="UTF-8"?>
<robot generator="Robot 7.3.2 (Python 3.13.7 on win32)" generated="2025-09-18T16:41:38.384597" rpa="false" schemaversion="5">
<suite id="s1" name="Signup" source="C:\Users\marce\OneDrive\Documentos\PROJETOS\pb-compass\Sprint_07\QAx\projects\mark85-robot-express\signup.robot">
<test id="s1-t1" name="Deve poder cadastrar um novo usuário" line="7">
<kw name="New Browser" owner="Browser">
<msg time="2025-09-18T16:41:38.601524" level="INFO">{"browser": "chromium", "headless": false, "chromiumSandbox": false, "devtools": false, "handleSIGHUP": true, "handleSIGINT": true, "handleSIGTERM": true, "slowMo": 0.0, "timeout": 30000.0, "tracesDir": "C:\\Users\\marce\\OneDrive\\Documentos\\PROJETOS\\pb-compass\\Sprint_07\\QAx\\projects\\mark85-robot-express\\logs\\browser\\traces\\temp\\b10b4175-1265-40de-8c25-d4f5eec3c67b"}</msg>
<msg time="2025-09-18T16:41:38.629096" level="INFO">Starting Browser process C:\Users\marce\AppData\Local\Programs\Python\Python313\Lib\site-packages\Browser\wrapper\index.js using at 127.0.0.1:8118</msg>
<msg time="2025-09-18T16:41:39.965575" level="INFO">Successfully created browser with options: {"browser":"chromium","headless":false,"chromiumSandbox":false,"devtools":false,"handleSIGHUP":true,"handleSIGINT":true,"handleSIGTERM":true,"slowMo":0,"timeout":30000,"tracesDir":"C:\\Users\\marce\\OneDrive\\Documentos\\PROJETOS\\pb-compass\\Sprint_07\\QAx\\projects\\mark85-robot-express\\logs\\browser\\traces\\temp\\b10b4175-1265-40de-8c25-d4f5eec3c67b"}</msg>
<arg>browser=chromium</arg>
<arg>headless=False</arg>
<tag>BrowserControl</tag>
<tag>Setter</tag>
<doc>Create a new playwright Browser with specified options.</doc>
<status status="PASS" start="2025-09-18T16:41:38.600753" elapsed="1.365246"/>
</kw>
<kw name="New Page" owner="Browser">
<msg time="2025-09-18T16:41:41.086167" level="INFO">Successfully initialized new page object and opened url: http://localhost:3000/signup</msg>
<msg time="2025-09-18T16:41:41.086248" level="INFO">No context was open. New context was automatically opened when this page is created.</msg>
<arg>http://localhost:3000/signup</arg>
<tag>BrowserControl</tag>
<tag>Setter</tag>
<doc>Open a new Page.</doc>
<status status="PASS" start="2025-09-18T16:41:39.966757" elapsed="1.119654"/>
</kw>
<kw name="Wait For Elements State" owner="Browser">
<msg time="2025-09-18T16:41:41.119842" level="INFO">Waited for Element with selector xpath=//h1 at state visible</msg>
<arg>xpath=//h1</arg>
<arg>visible</arg>
<arg>5</arg>
<tag>PageContent</tag>
<tag>Wait</tag>
<doc>Waits for the element found by ``selector`` to satisfy state option.</doc>
<status status="PASS" start="2025-09-18T16:41:41.086970" elapsed="0.033026"/>
</kw>
<kw name="Get Text" owner="Browser">
<msg time="2025-09-18T16:41:41.162218" level="INFO">Text: 'Faça seu cadastro'</msg>
<arg>xpath=//h1</arg>
<arg>equal</arg>
<arg>Faça seu cadastro</arg>
<tag>Assertion</tag>
<tag>Getter</tag>
<tag>PageContent</tag>
<doc>Returns text attribute of the element found by ``selector``.</doc>
<status status="PASS" start="2025-09-18T16:41:41.120330" elapsed="0.041997"/>
</kw>
<kw name="Wait For Elements State" owner="Browser">
<msg time="2025-09-18T16:41:41.174186" level="INFO">Waited for Element with selector css=h1 at state visible</msg>
<arg>css=h1</arg>
<arg>visible</arg>
<arg>5</arg>
<tag>PageContent</tag>
<tag>Wait</tag>
<doc>Waits for the element found by ``selector`` to satisfy state option.</doc>
<status status="PASS" start="2025-09-18T16:41:41.162795" elapsed="0.011775"/>
</kw>
<kw name="Get Text" owner="Browser">
<msg time="2025-09-18T16:41:41.198233" level="INFO">Text: 'Faça seu cadastro'</msg>
<arg>css=h1</arg>
<arg>equal</arg>
<arg>Faça seu cadastro</arg>
<tag>Assertion</tag>
<tag>Getter</tag>
<tag>PageContent</tag>
<doc>Returns text attribute of the element found by ``selector``.</doc>
<status status="PASS" start="2025-09-18T16:41:41.175179" elapsed="0.023163"/>
</kw>
<kw name="Sleep" owner="BuiltIn">
<msg time="2025-09-18T16:41:44.199999" level="INFO">Slept 3 seconds.</msg>
<arg>3</arg>
<doc>Pauses the test executed for the given time.</doc>
<status status="PASS" start="2025-09-18T16:41:41.198788" elapsed="3.001485"/>
</kw>
<msg time="2025-09-18T16:41:44.224356" level="INFO">Switching context to context=79b9230f-71e7-422e-b579-9862e813603f in CURRENT</msg>
<msg time="2025-09-18T16:41:44.234255" level="INFO">Successfully changed active context: context=79b9230f-71e7-422e-b579-9862e813603f</msg>
<msg time="2025-09-18T16:41:44.275696" level="INFO">Successfully closed Context</msg>
<status status="PASS" start="2025-09-18T16:41:38.599404" elapsed="5.601684"/>
</test>
<doc>Cenário de testes do cadastro de usuários</doc>
<status status="PASS" start="2025-09-18T16:41:38.386005" elapsed="5.891249"/>
</suite>
<statistics>
<total>
<stat pass="1" fail="0" skip="0">All Tests</stat>
</total>
<tag>
</tag>
<suite>
<stat name="Signup" id="s1" pass="1" fail="0" skip="0">Signup</stat>
</suite>
</statistics>
<errors>
</errors>
</robot>
